[    1968ms] [INFO] %cDownload the React DevTools for a better development experience: https://react.dev/link/react-devtools font-weight:bold @ http://localhost:3001/_next/static/chunks/node_modules_next_dist_1ybzpk2._.js:2477
[    2039ms] [LOG] [HMR] connected @ http://localhost:3001/_next/static/chunks/node_modules_next_dist_1ybzpk2._.js:2477
[   10652ms] [LOG] [Fast Refresh] rebuilding @ http://localhost:3001/_next/static/chunks/node_modules_next_dist_1ybzpk2._.js:2477
[   10717ms] [LOG] [Fast Refresh] done in 173ms @ http://localhost:3001/_next/static/chunks/node_modules_next_dist_1ybzpk2._.js:2477
[   34529ms] [LOG] [Fast Refresh] rebuilding @ http://localhost:3001/_next/static/chunks/node_modules_next_dist_1ybzpk2._.js:2477
[   34701ms] [LOG] [Fast Refresh] done in 213ms @ http://localhost:3001/_next/static/chunks/node_modules_next_dist_1ybzpk2._.js:2477
[   34811ms] [LOG] [Fast Refresh] rebuilding @ http://localhost:3001/_next/static/chunks/node_modules_next_dist_1ybzpk2._.js:2477
[   35088ms] [ERROR] Failed to load resource: the server responded with a status of 404 (Not Found) @ http://localhost:3001/test-map?_rsc=HVR4ZB57xLV5L44i:0
[   35100ms] [LOG] [Fast Refresh] done in 398ms @ http://localhost:3001/_next/static/chunks/node_modules_next_dist_1ybzpk2._.js:2477
[   35253ms] [ERROR] Failed to load resource: the server responded with a status of 404 (Not Found) @ http://localhost:3001/test-map?_rsc=HVR4ZB57xLV5L44i:0
[   35302ms] [LOG] [Fast Refresh] rebuilding @ http://localhost:3001/_next/static/chunks/node_modules_next_dist_1ybzpk2._.js:2477
[   35334ms] [LOG] [Fast Refresh] done in 134ms @ http://localhost:3001/_next/static/chunks/node_modules_next_dist_1ybzpk2._.js:2477
[   35364ms] [ERROR] Failed to load resource: the server responded with a status of 404 (Not Found) @ http://localhost:3001/test-map:0
[   35478ms] [INFO] %cDownload the React DevTools for a better development experience: https://react.dev/link/react-devtools font-weight:bold @ http://localhost:3001/_next/static/chunks/node_modules_next_dist_1ybzpk2._.js:2477
[   35498ms] [LOG] [HMR] connected @ http://localhost:3001/_next/static/chunks/node_modules_next_dist_1ybzpk2._.js:2477
[   70956ms] [ERROR] WebSocket connection to 'ws://localhost:3001/_next/webpack-hmr?id=0BAAbv__mfjj9MxK9OaJr' failed: Error in connection establishment: net::ERR_CONNECTION_REFUSED @ http://localhost:3001/_next/static/chunks/node_modules_next_dist_client_0r5nbpw._.js:13422
[   74308ms] [ERROR] WebSocket connection to 'ws://localhost:3001/_next/webpack-hmr?id=0BAAbv__mfjj9MxK9OaJr' failed: Error in connection establishment: net::ERR_CONNECTION_REFUSED @ http://localhost:3001/_next/static/chunks/node_modules_next_dist_client_0r5nbpw._.js:13422
[   77680ms] [ERROR] WebSocket connection to 'ws://localhost:3001/_next/webpack-hmr?id=0BAAbv__mfjj9MxK9OaJr' failed: Error in connection establishment: net::ERR_CONNECTION_REFUSED @ http://localhost:3001/_next/static/chunks/node_modules_next_dist_client_0r5nbpw._.js:13422
[   81023ms] [ERROR] WebSocket connection to 'ws://localhost:3001/_next/webpack-hmr?id=0BAAbv__mfjj9MxK9OaJr' failed: Error in connection establishment: net::ERR_CONNECTION_REFUSED @ http://localhost:3001/_next/static/chunks/node_modules_next_dist_client_0r5nbpw._.js:13422
[   84394ms] [ERROR] WebSocket connection to 'ws://localhost:3001/_next/webpack-hmr?id=0BAAbv__mfjj9MxK9OaJr' failed: Error in connection establishment: net::ERR_CONNECTION_REFUSED @ http://localhost:3001/_next/static/chunks/node_modules_next_dist_client_0r5nbpw._.js:13422
[   91766ms] [ERROR] WebSocket connection to 'ws://localhost:3001/_next/webpack-hmr?id=0BAAbv__mfjj9MxK9OaJr' failed: Error in connection establishment: net::ERR_CONNECTION_REFUSED @ http://localhost:3001/_next/static/chunks/node_modules_next_dist_client_0r5nbpw._.js:13422
[   99135ms] [ERROR] WebSocket connection to 'ws://localhost:3001/_next/webpack-hmr?id=0BAAbv__mfjj9MxK9OaJr' failed: Error in connection establishment: net::ERR_CONNECTION_REFUSED @ http://localhost:3001/_next/static/chunks/node_modules_next_dist_client_0r5nbpw._.js:13422
[  106505ms] [ERROR] WebSocket connection to 'ws://localhost:3001/_next/webpack-hmr?id=0BAAbv__mfjj9MxK9OaJr' failed: Error in connection establishment: net::ERR_CONNECTION_REFUSED @ http://localhost:3001/_next/static/chunks/node_modules_next_dist_client_0r5nbpw._.js:13422
[  113888ms] [ERROR] WebSocket connection to 'ws://localhost:3001/_next/webpack-hmr?id=0BAAbv__mfjj9MxK9OaJr' failed: Error in connection establishment: net::ERR_CONNECTION_REFUSED @ http://localhost:3001/_next/static/chunks/node_modules_next_dist_client_0r5nbpw._.js:13422
[  121246ms] [ERROR] WebSocket connection to 'ws://localhost:3001/_next/webpack-hmr?id=0BAAbv__mfjj9MxK9OaJr' failed: Error in connection establishment: net::ERR_CONNECTION_REFUSED @ http://localhost:3001/_next/static/chunks/node_modules_next_dist_client_0r5nbpw._.js:13422
[  128612ms] [ERROR] WebSocket connection to 'ws://localhost:3001/_next/webpack-hmr?id=0BAAbv__mfjj9MxK9OaJr' failed: Error in connection establishment: net::ERR_CONNECTION_REFUSED @ http://localhost:3001/_next/static/chunks/node_modules_next_dist_client_0r5nbpw._.js:13422
[  135984ms] [ERROR] WebSocket connection to 'ws://localhost:3001/_next/webpack-hmr?id=0BAAbv__mfjj9MxK9OaJr' failed: Error in connection establishment: net::ERR_CONNECTION_REFUSED @ http://localhost:3001/_next/static/chunks/node_modules_next_dist_client_0r5nbpw._.js:13422
